<?xml version="1.0" encoding="UTF-8"?>
<testsuite name="com.bridgelabz.selenium.test.FacebookTest" tests="1" skipped="0" failures="0" errors="0" timestamp="2021-07-15T06:05:59" hostname="DESKTOP-KFGQFK8" time="29.145">
  <properties/>
  <testcase name="uploadFile" classname="com.bridgelabz.selenium.test.FacebookTest" time="29.145"/>
  <system-out><![CDATA[]]></system-out>
  <system-err><![CDATA[]]></system-err>
</testsuite>
